2025-01-18 23:58:51 [main] INFO  c.m.d.t.t.k.s.TwitterToKafkaServiceApplication - Starting TwitterToKafkaServiceApplication using Java 21.0.1 with PID 991283 (/home/souvik/Desktop/microservices-demo/twitter-to-kafka-service/target/classes started by souvik in /home/souvik/Desktop/microservices-demo)
2025-01-18 23:58:51 [main] INFO  c.m.d.t.t.k.s.TwitterToKafkaServiceApplication - The following 1 profile is active: "twitter_to_kafka"
2025-01-18 23:58:51 [main] INFO  o.s.c.c.c.ConfigServerConfigDataLoader - Fetching config from server at : http://localhost:8888
2025-01-18 23:58:51 [main] INFO  o.s.c.c.c.ConfigServerConfigDataLoader - Located environment: name=twitter-to-kafka-service, config-client, profiles=[default], label=null, version=6046d28c831638cf75835aae012feaabc043872f, state=null
2025-01-18 23:58:51 [main] INFO  o.s.c.c.c.ConfigServerConfigDataLoader - Fetching config from server at : http://localhost:8888
2025-01-18 23:58:51 [main] INFO  o.s.c.c.c.ConfigServerConfigDataLoader - Located environment: name=twitter-to-kafka-service, config-client, profiles=[twitter_to_kafka], label=null, version=6046d28c831638cf75835aae012feaabc043872f, state=null
2025-01-18 23:58:52 [main] INFO  o.s.cloud.context.scope.GenericScope - BeanFactory id=5358b217-fb3e-3a52-b96b-00abc3b7dcda
2025-01-18 23:58:52 [main] WARN  o.s.b.w.r.c.AnnotationConfigReactiveWebServerApplicationContext - Exception encountered during context initialization - cancelling refresh attempt: org.springframework.beans.factory.UnsatisfiedDependencyException: Error creating bean with name 'twitterToKafkaServiceApplication': Unsatisfied dependency expressed through constructor parameter 0: Error creating bean with name 'twitterKafkaStreamRunner' defined in file [/home/souvik/Desktop/microservices-demo/twitter-to-kafka-service/target/classes/com/microservices/demo/twitter/to/kafka/service/runner/impl/TwitterKafkaStreamRunner.class]: Unsatisfied dependency expressed through constructor parameter 1: Error creating bean with name 'twitterKafkaStatusListener' defined in file [/home/souvik/Desktop/microservices-demo/twitter-to-kafka-service/target/classes/com/microservices/demo/twitter/to/kafka/service/listener/TwitterKafkaStatusListener.class]: Unsatisfied dependency expressed through constructor parameter 1: Error creating bean with name 'twitterKafkaProducer' defined in file [/home/souvik/Desktop/microservices-demo/kafka/kafka-producer/target/classes/com/microservices/demo/kafka/producer/config/service/impl/TwitterKafkaProducer.class]: Unsatisfied dependency expressed through constructor parameter 0: Error creating bean with name 'kafkaTemplate' defined in class path resource [com/microservices/demo/kafka/producer/config/KafkaProducerConfig.class]: Failed to instantiate [org.springframework.kafka.core.KafkaTemplate]: Factory method 'kafkaTemplate' threw exception with message: Error creating bean with name 'producerFactory' defined in class path resource [com/microservices/demo/kafka/producer/config/KafkaProducerConfig.class]: Failed to instantiate [org.springframework.kafka.core.ProducerFactory]: Factory method 'producerFactory' threw exception with message: Error creating bean with name 'producerConfig' defined in class path resource [com/microservices/demo/kafka/producer/config/KafkaProducerConfig.class]: Failed to instantiate [java.util.Map]: Factory method 'producerConfig' threw exception with message: Cannot invoke "java.lang.Integer.intValue()" because the return value of "com.microservices.demo.config.KafkaProducerConfigData.getBatchSize()" is null
2025-01-18 23:58:52 [main] INFO  o.s.b.a.l.ConditionEvaluationReportLogger - 

Error starting ApplicationContext. To display the condition evaluation report re-run your application with 'debug' enabled.
2025-01-18 23:58:52 [main] ERROR o.s.boot.SpringApplication - Application run failed
org.springframework.beans.factory.UnsatisfiedDependencyException: Error creating bean with name 'twitterToKafkaServiceApplication': Unsatisfied dependency expressed through constructor parameter 0: Error creating bean with name 'twitterKafkaStreamRunner' defined in file [/home/souvik/Desktop/microservices-demo/twitter-to-kafka-service/target/classes/com/microservices/demo/twitter/to/kafka/service/runner/impl/TwitterKafkaStreamRunner.class]: Unsatisfied dependency expressed through constructor parameter 1: Error creating bean with name 'twitterKafkaStatusListener' defined in file [/home/souvik/Desktop/microservices-demo/twitter-to-kafka-service/target/classes/com/microservices/demo/twitter/to/kafka/service/listener/TwitterKafkaStatusListener.class]: Unsatisfied dependency expressed through constructor parameter 1: Error creating bean with name 'twitterKafkaProducer' defined in file [/home/souvik/Desktop/microservices-demo/kafka/kafka-producer/target/classes/com/microservices/demo/kafka/producer/config/service/impl/TwitterKafkaProducer.class]: Unsatisfied dependency expressed through constructor parameter 0: Error creating bean with name 'kafkaTemplate' defined in class path resource [com/microservices/demo/kafka/producer/config/KafkaProducerConfig.class]: Failed to instantiate [org.springframework.kafka.core.KafkaTemplate]: Factory method 'kafkaTemplate' threw exception with message: Error creating bean with name 'producerFactory' defined in class path resource [com/microservices/demo/kafka/producer/config/KafkaProducerConfig.class]: Failed to instantiate [org.springframework.kafka.core.ProducerFactory]: Factory method 'producerFactory' threw exception with message: Error creating bean with name 'producerConfig' defined in class path resource [com/microservices/demo/kafka/producer/config/KafkaProducerConfig.class]: Failed to instantiate [java.util.Map]: Factory method 'producerConfig' threw exception with message: Cannot invoke "java.lang.Integer.intValue()" because the return value of "com.microservices.demo.config.KafkaProducerConfigData.getBatchSize()" is null
	at org.springframework.beans.factory.support.ConstructorResolver.createArgumentArray(ConstructorResolver.java:795)
	at org.springframework.beans.factory.support.ConstructorResolver.autowireConstructor(ConstructorResolver.java:237)
	at org.springframework.beans.factory.support.AbstractAutowireCapableBeanFactory.autowireConstructor(AbstractAutowireCapableBeanFactory.java:1375)
	at org.springframework.beans.factory.support.AbstractAutowireCapableBeanFactory.createBeanInstance(AbstractAutowireCapableBeanFactory.java:1212)
	at org.springframework.beans.factory.support.AbstractAutowireCapableBeanFactory.doCreateBean(AbstractAutowireCapableBeanFactory.java:562)
	at org.springframework.beans.factory.support.AbstractAutowireCapableBeanFactory.createBean(AbstractAutowireCapableBeanFactory.java:522)
	at org.springframework.beans.factory.support.AbstractBeanFactory.lambda$doGetBean$0(AbstractBeanFactory.java:337)
	at org.springframework.beans.factory.support.DefaultSingletonBeanRegistry.getSingleton(DefaultSingletonBeanRegistry.java:234)
	at org.springframework.beans.factory.support.AbstractBeanFactory.doGetBean(AbstractBeanFactory.java:335)
	at org.springframework.beans.factory.support.AbstractBeanFactory.getBean(AbstractBeanFactory.java:200)
	at org.springframework.beans.factory.support.DefaultListableBeanFactory.preInstantiateSingletons(DefaultListableBeanFactory.java:975)
	at org.springframework.context.support.AbstractApplicationContext.finishBeanFactoryInitialization(AbstractApplicationContext.java:971)
	at org.springframework.context.support.AbstractApplicationContext.refresh(AbstractApplicationContext.java:625)
	at org.springframework.boot.web.reactive.context.ReactiveWebServerApplicationContext.refresh(ReactiveWebServerApplicationContext.java:66)
	at org.springframework.boot.SpringApplication.refresh(SpringApplication.java:754)
	at org.springframework.boot.SpringApplication.refreshContext(SpringApplication.java:456)
	at org.springframework.boot.SpringApplication.run(SpringApplication.java:335)
	at org.springframework.boot.SpringApplication.run(SpringApplication.java:1363)
	at org.springframework.boot.SpringApplication.run(SpringApplication.java:1352)
	at com.microservices.demo.twitter.to.kafka.service.TwitterToKafkaServiceApplication.main(TwitterToKafkaServiceApplication.java:40)
Caused by: org.springframework.beans.factory.UnsatisfiedDependencyException: Error creating bean with name 'twitterKafkaStreamRunner' defined in file [/home/souvik/Desktop/microservices-demo/twitter-to-kafka-service/target/classes/com/microservices/demo/twitter/to/kafka/service/runner/impl/TwitterKafkaStreamRunner.class]: Unsatisfied dependency expressed through constructor parameter 1: Error creating bean with name 'twitterKafkaStatusListener' defined in file [/home/souvik/Desktop/microservices-demo/twitter-to-kafka-service/target/classes/com/microservices/demo/twitter/to/kafka/service/listener/TwitterKafkaStatusListener.class]: Unsatisfied dependency expressed through constructor parameter 1: Error creating bean with name 'twitterKafkaProducer' defined in file [/home/souvik/Desktop/microservices-demo/kafka/kafka-producer/target/classes/com/microservices/demo/kafka/producer/config/service/impl/TwitterKafkaProducer.class]: Unsatisfied dependency expressed through constructor parameter 0: Error creating bean with name 'kafkaTemplate' defined in class path resource [com/microservices/demo/kafka/producer/config/KafkaProducerConfig.class]: Failed to instantiate [org.springframework.kafka.core.KafkaTemplate]: Factory method 'kafkaTemplate' threw exception with message: Error creating bean with name 'producerFactory' defined in class path resource [com/microservices/demo/kafka/producer/config/KafkaProducerConfig.class]: Failed to instantiate [org.springframework.kafka.core.ProducerFactory]: Factory method 'producerFactory' threw exception with message: Error creating bean with name 'producerConfig' defined in class path resource [com/microservices/demo/kafka/producer/config/KafkaProducerConfig.class]: Failed to instantiate [java.util.Map]: Factory method 'producerConfig' threw exception with message: Cannot invoke "java.lang.Integer.intValue()" because the return value of "com.microservices.demo.config.KafkaProducerConfigData.getBatchSize()" is null
	at org.springframework.beans.factory.support.ConstructorResolver.createArgumentArray(ConstructorResolver.java:795)
	at org.springframework.beans.factory.support.ConstructorResolver.autowireConstructor(ConstructorResolver.java:237)
	at org.springframework.beans.factory.support.AbstractAutowireCapableBeanFactory.autowireConstructor(AbstractAutowireCapableBeanFactory.java:1375)
	at org.springframework.beans.factory.support.AbstractAutowireCapableBeanFactory.createBeanInstance(AbstractAutowireCapableBeanFactory.java:1212)
	at org.springframework.beans.factory.support.AbstractAutowireCapableBeanFactory.doCreateBean(AbstractAutowireCapableBeanFactory.java:562)
	at org.springframework.beans.factory.support.AbstractAutowireCapableBeanFactory.createBean(AbstractAutowireCapableBeanFactory.java:522)
	at org.springframework.beans.factory.support.AbstractBeanFactory.lambda$doGetBean$0(AbstractBeanFactory.java:337)
	at org.springframework.beans.factory.support.DefaultSingletonBeanRegistry.getSingleton(DefaultSingletonBeanRegistry.java:234)
	at org.springframework.beans.factory.support.AbstractBeanFactory.doGetBean(AbstractBeanFactory.java:335)
	at org.springframework.beans.factory.support.AbstractBeanFactory.getBean(AbstractBeanFactory.java:200)
	at org.springframework.beans.factory.config.DependencyDescriptor.resolveCandidate(DependencyDescriptor.java:254)
	at org.springframework.beans.factory.support.DefaultListableBeanFactory.doResolveDependency(DefaultListableBeanFactory.java:1443)
	at org.springframework.beans.factory.support.DefaultListableBeanFactory.resolveDependency(DefaultListableBeanFactory.java:1353)
	at org.springframework.beans.factory.support.ConstructorResolver.resolveAutowiredArgument(ConstructorResolver.java:904)
	at org.springframework.beans.factory.support.ConstructorResolver.createArgumentArray(ConstructorResolver.java:782)
	... 19 common frames omitted
Caused by: org.springframework.beans.factory.UnsatisfiedDependencyException: Error creating bean with name 'twitterKafkaStatusListener' defined in file [/home/souvik/Desktop/microservices-demo/twitter-to-kafka-service/target/classes/com/microservices/demo/twitter/to/kafka/service/listener/TwitterKafkaStatusListener.class]: Unsatisfied dependency expressed through constructor parameter 1: Error creating bean with name 'twitterKafkaProducer' defined in file [/home/souvik/Desktop/microservices-demo/kafka/kafka-producer/target/classes/com/microservices/demo/kafka/producer/config/service/impl/TwitterKafkaProducer.class]: Unsatisfied dependency expressed through constructor parameter 0: Error creating bean with name 'kafkaTemplate' defined in class path resource [com/microservices/demo/kafka/producer/config/KafkaProducerConfig.class]: Failed to instantiate [org.springframework.kafka.core.KafkaTemplate]: Factory method 'kafkaTemplate' threw exception with message: Error creating bean with name 'producerFactory' defined in class path resource [com/microservices/demo/kafka/producer/config/KafkaProducerConfig.class]: Failed to instantiate [org.springframework.kafka.core.ProducerFactory]: Factory method 'producerFactory' threw exception with message: Error creating bean with name 'producerConfig' defined in class path resource [com/microservices/demo/kafka/producer/config/KafkaProducerConfig.class]: Failed to instantiate [java.util.Map]: Factory method 'producerConfig' threw exception with message: Cannot invoke "java.lang.Integer.intValue()" because the return value of "com.microservices.demo.config.KafkaProducerConfigData.getBatchSize()" is null
	at org.springframework.beans.factory.support.ConstructorResolver.createArgumentArray(ConstructorResolver.java:795)
	at org.springframework.beans.factory.support.ConstructorResolver.autowireConstructor(ConstructorResolver.java:237)
	at org.springframework.beans.factory.support.AbstractAutowireCapableBeanFactory.autowireConstructor(AbstractAutowireCapableBeanFactory.java:1375)
	at org.springframework.beans.factory.support.AbstractAutowireCapableBeanFactory.createBeanInstance(AbstractAutowireCapableBeanFactory.java:1212)
	at org.springframework.beans.factory.support.AbstractAutowireCapableBeanFactory.doCreateBean(AbstractAutowireCapableBeanFactory.java:562)
	at org.springframework.beans.factory.support.AbstractAutowireCapableBeanFactory.createBean(AbstractAutowireCapableBeanFactory.java:522)
	at org.springframework.beans.factory.support.AbstractBeanFactory.lambda$doGetBean$0(AbstractBeanFactory.java:337)
	at org.springframework.beans.factory.support.DefaultSingletonBeanRegistry.getSingleton(DefaultSingletonBeanRegistry.java:234)
	at org.springframework.beans.factory.support.AbstractBeanFactory.doGetBean(AbstractBeanFactory.java:335)
	at org.springframework.beans.factory.support.AbstractBeanFactory.getBean(AbstractBeanFactory.java:200)
	at org.springframework.beans.factory.config.DependencyDescriptor.resolveCandidate(DependencyDescriptor.java:254)
	at org.springframework.beans.factory.support.DefaultListableBeanFactory.doResolveDependency(DefaultListableBeanFactory.java:1443)
	at org.springframework.beans.factory.support.DefaultListableBeanFactory.resolveDependency(DefaultListableBeanFactory.java:1353)
	at org.springframework.beans.factory.support.ConstructorResolver.resolveAutowiredArgument(ConstructorResolver.java:904)
	at org.springframework.beans.factory.support.ConstructorResolver.createArgumentArray(ConstructorResolver.java:782)
	... 33 common frames omitted
Caused by: org.springframework.beans.factory.UnsatisfiedDependencyException: Error creating bean with name 'twitterKafkaProducer' defined in file [/home/souvik/Desktop/microservices-demo/kafka/kafka-producer/target/classes/com/microservices/demo/kafka/producer/config/service/impl/TwitterKafkaProducer.class]: Unsatisfied dependency expressed through constructor parameter 0: Error creating bean with name 'kafkaTemplate' defined in class path resource [com/microservices/demo/kafka/producer/config/KafkaProducerConfig.class]: Failed to instantiate [org.springframework.kafka.core.KafkaTemplate]: Factory method 'kafkaTemplate' threw exception with message: Error creating bean with name 'producerFactory' defined in class path resource [com/microservices/demo/kafka/producer/config/KafkaProducerConfig.class]: Failed to instantiate [org.springframework.kafka.core.ProducerFactory]: Factory method 'producerFactory' threw exception with message: Error creating bean with name 'producerConfig' defined in class path resource [com/microservices/demo/kafka/producer/config/KafkaProducerConfig.class]: Failed to instantiate [java.util.Map]: Factory method 'producerConfig' threw exception with message: Cannot invoke "java.lang.Integer.intValue()" because the return value of "com.microservices.demo.config.KafkaProducerConfigData.getBatchSize()" is null
	at org.springframework.beans.factory.support.ConstructorResolver.createArgumentArray(ConstructorResolver.java:795)
	at org.springframework.beans.factory.support.ConstructorResolver.autowireConstructor(ConstructorResolver.java:237)
	at org.springframework.beans.factory.support.AbstractAutowireCapableBeanFactory.autowireConstructor(AbstractAutowireCapableBeanFactory.java:1375)
	at org.springframework.beans.factory.support.AbstractAutowireCapableBeanFactory.createBeanInstance(AbstractAutowireCapableBeanFactory.java:1212)
	at org.springframework.beans.factory.support.AbstractAutowireCapableBeanFactory.doCreateBean(AbstractAutowireCapableBeanFactory.java:562)
	at org.springframework.beans.factory.support.AbstractAutowireCapableBeanFactory.createBean(AbstractAutowireCapableBeanFactory.java:522)
	at org.springframework.beans.factory.support.AbstractBeanFactory.lambda$doGetBean$0(AbstractBeanFactory.java:337)
	at org.springframework.beans.factory.support.DefaultSingletonBeanRegistry.getSingleton(DefaultSingletonBeanRegistry.java:234)
	at org.springframework.beans.factory.support.AbstractBeanFactory.doGetBean(AbstractBeanFactory.java:335)
	at org.springframework.beans.factory.support.AbstractBeanFactory.getBean(AbstractBeanFactory.java:200)
	at org.springframework.beans.factory.config.DependencyDescriptor.resolveCandidate(DependencyDescriptor.java:254)
	at org.springframework.beans.factory.support.DefaultListableBeanFactory.doResolveDependency(DefaultListableBeanFactory.java:1443)
	at org.springframework.beans.factory.support.DefaultListableBeanFactory.resolveDependency(DefaultListableBeanFactory.java:1353)
	at org.springframework.beans.factory.support.ConstructorResolver.resolveAutowiredArgument(ConstructorResolver.java:904)
	at org.springframework.beans.factory.support.ConstructorResolver.createArgumentArray(ConstructorResolver.java:782)
	... 47 common frames omitted
Caused by: org.springframework.beans.factory.BeanCreationException: Error creating bean with name 'kafkaTemplate' defined in class path resource [com/microservices/demo/kafka/producer/config/KafkaProducerConfig.class]: Failed to instantiate [org.springframework.kafka.core.KafkaTemplate]: Factory method 'kafkaTemplate' threw exception with message: Error creating bean with name 'producerFactory' defined in class path resource [com/microservices/demo/kafka/producer/config/KafkaProducerConfig.class]: Failed to instantiate [org.springframework.kafka.core.ProducerFactory]: Factory method 'producerFactory' threw exception with message: Error creating bean with name 'producerConfig' defined in class path resource [com/microservices/demo/kafka/producer/config/KafkaProducerConfig.class]: Failed to instantiate [java.util.Map]: Factory method 'producerConfig' threw exception with message: Cannot invoke "java.lang.Integer.intValue()" because the return value of "com.microservices.demo.config.KafkaProducerConfigData.getBatchSize()" is null
	at org.springframework.beans.factory.support.ConstructorResolver.instantiate(ConstructorResolver.java:648)
	at org.springframework.beans.factory.support.ConstructorResolver.instantiateUsingFactoryMethod(ConstructorResolver.java:485)
	at org.springframework.beans.factory.support.AbstractAutowireCapableBeanFactory.instantiateUsingFactoryMethod(AbstractAutowireCapableBeanFactory.java:1355)
	at org.springframework.beans.factory.support.AbstractAutowireCapableBeanFactory.createBeanInstance(AbstractAutowireCapableBeanFactory.java:1185)
	at org.springframework.beans.factory.support.AbstractAutowireCapableBeanFactory.doCreateBean(AbstractAutowireCapableBeanFactory.java:562)
	at org.springframework.beans.factory.support.AbstractAutowireCapableBeanFactory.createBean(AbstractAutowireCapableBeanFactory.java:522)
	at org.springframework.beans.factory.support.AbstractBeanFactory.lambda$doGetBean$0(AbstractBeanFactory.java:337)
	at org.springframework.beans.factory.support.DefaultSingletonBeanRegistry.getSingleton(DefaultSingletonBeanRegistry.java:234)
	at org.springframework.beans.factory.support.AbstractBeanFactory.doGetBean(AbstractBeanFactory.java:335)
	at org.springframework.beans.factory.support.AbstractBeanFactory.getBean(AbstractBeanFactory.java:200)
	at org.springframework.beans.factory.config.DependencyDescriptor.resolveCandidate(DependencyDescriptor.java:254)
	at org.springframework.beans.factory.support.DefaultListableBeanFactory.doResolveDependency(DefaultListableBeanFactory.java:1443)
	at org.springframework.beans.factory.support.DefaultListableBeanFactory.resolveDependency(DefaultListableBeanFactory.java:1353)
	at org.springframework.beans.factory.support.ConstructorResolver.resolveAutowiredArgument(ConstructorResolver.java:904)
	at org.springframework.beans.factory.support.ConstructorResolver.createArgumentArray(ConstructorResolver.java:782)
	... 61 common frames omitted
Caused by: org.springframework.beans.BeanInstantiationException: Failed to instantiate [org.springframework.kafka.core.KafkaTemplate]: Factory method 'kafkaTemplate' threw exception with message: Error creating bean with name 'producerFactory' defined in class path resource [com/microservices/demo/kafka/producer/config/KafkaProducerConfig.class]: Failed to instantiate [org.springframework.kafka.core.ProducerFactory]: Factory method 'producerFactory' threw exception with message: Error creating bean with name 'producerConfig' defined in class path resource [com/microservices/demo/kafka/producer/config/KafkaProducerConfig.class]: Failed to instantiate [java.util.Map]: Factory method 'producerConfig' threw exception with message: Cannot invoke "java.lang.Integer.intValue()" because the return value of "com.microservices.demo.config.KafkaProducerConfigData.getBatchSize()" is null
	at org.springframework.beans.factory.support.SimpleInstantiationStrategy.instantiate(SimpleInstantiationStrategy.java:178)
	at org.springframework.beans.factory.support.ConstructorResolver.instantiate(ConstructorResolver.java:644)
	... 75 common frames omitted
Caused by: org.springframework.beans.factory.BeanCreationException: Error creating bean with name 'producerFactory' defined in class path resource [com/microservices/demo/kafka/producer/config/KafkaProducerConfig.class]: Failed to instantiate [org.springframework.kafka.core.ProducerFactory]: Factory method 'producerFactory' threw exception with message: Error creating bean with name 'producerConfig' defined in class path resource [com/microservices/demo/kafka/producer/config/KafkaProducerConfig.class]: Failed to instantiate [java.util.Map]: Factory method 'producerConfig' threw exception with message: Cannot invoke "java.lang.Integer.intValue()" because the return value of "com.microservices.demo.config.KafkaProducerConfigData.getBatchSize()" is null
	at org.springframework.beans.factory.support.ConstructorResolver.instantiate(ConstructorResolver.java:648)
	at org.springframework.beans.factory.support.ConstructorResolver.instantiateUsingFactoryMethod(ConstructorResolver.java:485)
	at org.springframework.beans.factory.support.AbstractAutowireCapableBeanFactory.instantiateUsingFactoryMethod(AbstractAutowireCapableBeanFactory.java:1355)
	at org.springframework.beans.factory.support.AbstractAutowireCapableBeanFactory.createBeanInstance(AbstractAutowireCapableBeanFactory.java:1185)
	at org.springframework.beans.factory.support.AbstractAutowireCapableBeanFactory.doCreateBean(AbstractAutowireCapableBeanFactory.java:562)
	at org.springframework.beans.factory.support.AbstractAutowireCapableBeanFactory.createBean(AbstractAutowireCapableBeanFactory.java:522)
	at org.springframework.beans.factory.support.AbstractBeanFactory.lambda$doGetBean$0(AbstractBeanFactory.java:337)
	at org.springframework.beans.factory.support.DefaultSingletonBeanRegistry.getSingleton(DefaultSingletonBeanRegistry.java:234)
	at org.springframework.beans.factory.support.AbstractBeanFactory.doGetBean(AbstractBeanFactory.java:335)
	at org.springframework.beans.factory.support.AbstractBeanFactory.getBean(AbstractBeanFactory.java:200)
	at org.springframework.context.annotation.ConfigurationClassEnhancer$BeanMethodInterceptor.resolveBeanReference(ConfigurationClassEnhancer.java:380)
	at org.springframework.context.annotation.ConfigurationClassEnhancer$BeanMethodInterceptor.intercept(ConfigurationClassEnhancer.java:351)
	at com.microservices.demo.kafka.producer.config.KafkaProducerConfig$$SpringCGLIB$$0.producerFactory(<generated>)
	at com.microservices.demo.kafka.producer.config.KafkaProducerConfig.kafkaTemplate(KafkaProducerConfig.java:67)
	at com.microservices.demo.kafka.producer.config.KafkaProducerConfig$$SpringCGLIB$$0.CGLIB$kafkaTemplate$0(<generated>)
	at com.microservices.demo.kafka.producer.config.KafkaProducerConfig$$SpringCGLIB$$FastClass$$1.invoke(<generated>)
	at org.springframework.cglib.proxy.MethodProxy.invokeSuper(MethodProxy.java:258)
	at org.springframework.context.annotation.ConfigurationClassEnhancer$BeanMethodInterceptor.intercept(ConfigurationClassEnhancer.java:348)
	at com.microservices.demo.kafka.producer.config.KafkaProducerConfig$$SpringCGLIB$$0.kafkaTemplate(<generated>)
	at java.base/jdk.internal.reflect.DirectMethodHandleAccessor.invoke(DirectMethodHandleAccessor.java:103)
	at java.base/java.lang.reflect.Method.invoke(Method.java:580)
	at org.springframework.beans.factory.support.SimpleInstantiationStrategy.instantiate(SimpleInstantiationStrategy.java:146)
	... 76 common frames omitted
Caused by: org.springframework.beans.BeanInstantiationException: Failed to instantiate [org.springframework.kafka.core.ProducerFactory]: Factory method 'producerFactory' threw exception with message: Error creating bean with name 'producerConfig' defined in class path resource [com/microservices/demo/kafka/producer/config/KafkaProducerConfig.class]: Failed to instantiate [java.util.Map]: Factory method 'producerConfig' threw exception with message: Cannot invoke "java.lang.Integer.intValue()" because the return value of "com.microservices.demo.config.KafkaProducerConfigData.getBatchSize()" is null
	at org.springframework.beans.factory.support.SimpleInstantiationStrategy.instantiate(SimpleInstantiationStrategy.java:178)
	at org.springframework.beans.factory.support.ConstructorResolver.instantiate(ConstructorResolver.java:644)
	... 97 common frames omitted
Caused by: org.springframework.beans.factory.BeanCreationException: Error creating bean with name 'producerConfig' defined in class path resource [com/microservices/demo/kafka/producer/config/KafkaProducerConfig.class]: Failed to instantiate [java.util.Map]: Factory method 'producerConfig' threw exception with message: Cannot invoke "java.lang.Integer.intValue()" because the return value of "com.microservices.demo.config.KafkaProducerConfigData.getBatchSize()" is null
	at org.springframework.beans.factory.support.ConstructorResolver.instantiate(ConstructorResolver.java:648)
	at org.springframework.beans.factory.support.ConstructorResolver.instantiateUsingFactoryMethod(ConstructorResolver.java:485)
	at org.springframework.beans.factory.support.AbstractAutowireCapableBeanFactory.instantiateUsingFactoryMethod(AbstractAutowireCapableBeanFactory.java:1355)
	at org.springframework.beans.factory.support.AbstractAutowireCapableBeanFactory.createBeanInstance(AbstractAutowireCapableBeanFactory.java:1185)
	at org.springframework.beans.factory.support.AbstractAutowireCapableBeanFactory.doCreateBean(AbstractAutowireCapableBeanFactory.java:562)
	at org.springframework.beans.factory.support.AbstractAutowireCapableBeanFactory.createBean(AbstractAutowireCapableBeanFactory.java:522)
	at org.springframework.beans.factory.support.AbstractBeanFactory.lambda$doGetBean$0(AbstractBeanFactory.java:337)
	at org.springframework.beans.factory.support.DefaultSingletonBeanRegistry.getSingleton(DefaultSingletonBeanRegistry.java:234)
	at org.springframework.beans.factory.support.AbstractBeanFactory.doGetBean(AbstractBeanFactory.java:335)
	at org.springframework.beans.factory.support.AbstractBeanFactory.getBean(AbstractBeanFactory.java:200)
	at org.springframework.context.annotation.ConfigurationClassEnhancer$BeanMethodInterceptor.resolveBeanReference(ConfigurationClassEnhancer.java:380)
	at org.springframework.context.annotation.ConfigurationClassEnhancer$BeanMethodInterceptor.intercept(ConfigurationClassEnhancer.java:351)
	at com.microservices.demo.kafka.producer.config.KafkaProducerConfig$$SpringCGLIB$$0.producerConfig(<generated>)
	at com.microservices.demo.kafka.producer.config.KafkaProducerConfig.producerFactory(KafkaProducerConfig.java:60)
	at com.microservices.demo.kafka.producer.config.KafkaProducerConfig$$SpringCGLIB$$0.CGLIB$producerFactory$1(<generated>)
	at com.microservices.demo.kafka.producer.config.KafkaProducerConfig$$SpringCGLIB$$FastClass$$1.invoke(<generated>)
	at org.springframework.cglib.proxy.MethodProxy.invokeSuper(MethodProxy.java:258)
	at org.springframework.context.annotation.ConfigurationClassEnhancer$BeanMethodInterceptor.intercept(ConfigurationClassEnhancer.java:348)
	at com.microservices.demo.kafka.producer.config.KafkaProducerConfig$$SpringCGLIB$$0.producerFactory(<generated>)
	at java.base/jdk.internal.reflect.DirectMethodHandleAccessor.invoke(DirectMethodHandleAccessor.java:103)
	at java.base/java.lang.reflect.Method.invoke(Method.java:580)
	at org.springframework.beans.factory.support.SimpleInstantiationStrategy.instantiate(SimpleInstantiationStrategy.java:146)
	... 98 common frames omitted
Caused by: org.springframework.beans.BeanInstantiationException: Failed to instantiate [java.util.Map]: Factory method 'producerConfig' threw exception with message: Cannot invoke "java.lang.Integer.intValue()" because the return value of "com.microservices.demo.config.KafkaProducerConfigData.getBatchSize()" is null
	at org.springframework.beans.factory.support.SimpleInstantiationStrategy.instantiate(SimpleInstantiationStrategy.java:178)
	at org.springframework.beans.factory.support.ConstructorResolver.instantiate(ConstructorResolver.java:644)
	... 119 common frames omitted
Caused by: java.lang.NullPointerException: Cannot invoke "java.lang.Integer.intValue()" because the return value of "com.microservices.demo.config.KafkaProducerConfigData.getBatchSize()" is null
	at com.microservices.demo.kafka.producer.config.KafkaProducerConfig.producerConfig(KafkaProducerConfig.java:42)
	at com.microservices.demo.kafka.producer.config.KafkaProducerConfig$$SpringCGLIB$$0.CGLIB$producerConfig$2(<generated>)
	at com.microservices.demo.kafka.producer.config.KafkaProducerConfig$$SpringCGLIB$$FastClass$$1.invoke(<generated>)
	at org.springframework.cglib.proxy.MethodProxy.invokeSuper(MethodProxy.java:258)
	at org.springframework.context.annotation.ConfigurationClassEnhancer$BeanMethodInterceptor.intercept(ConfigurationClassEnhancer.java:348)
	at com.microservices.demo.kafka.producer.config.KafkaProducerConfig$$SpringCGLIB$$0.producerConfig(<generated>)
	at java.base/jdk.internal.reflect.DirectMethodHandleAccessor.invoke(DirectMethodHandleAccessor.java:103)
	at java.base/java.lang.reflect.Method.invoke(Method.java:580)
	at org.springframework.beans.factory.support.SimpleInstantiationStrategy.instantiate(SimpleInstantiationStrategy.java:146)
	... 120 common frames omitted
